<?xml version="1.0" encoding="UTF-8"?>
<!-- Generated by org.testng.reporters.JUnitXMLReporter -->
<testsuite ignored="0" hostname="SivaRajeshValluri" failures="0" tests="3" name="Default test" time="12.061" errors="0" timestamp="2021-10-12T07:35:49 IST">
  <testcase classname="phptravels.Runner" name="openurl" time="5.458"/>
  <testcase classname="phptravels.Runner" name="clicklogin" time="0.68"/>
  <testcase classname="phptravels.Runner" name="enterlogindetails" time="2.992"/>
</testsuite> <!-- Default test -->
